mode: atomic
github.com/bang9211/ossicones/tests/defaultexplorerserver/testutils.go:14.94,18.16 3 0
github.com/bang9211/ossicones/tests/defaultexplorerserver/testutils.go:22.2,23.15 2 0
github.com/bang9211/ossicones/tests/defaultexplorerserver/testutils.go:27.2,28.16 2 0
github.com/bang9211/ossicones/tests/defaultexplorerserver/testutils.go:32.2,32.25 1 0
github.com/bang9211/ossicones/tests/defaultexplorerserver/testutils.go:18.16,20.3 1 0
github.com/bang9211/ossicones/tests/defaultexplorerserver/testutils.go:23.15,25.3 1 0
github.com/bang9211/ossicones/tests/defaultexplorerserver/testutils.go:28.16,30.3 1 0
github.com/bang9211/ossicones/tests/defaultexplorerserver/testutils.go:35.101,37.16 2 0
github.com/bang9211/ossicones/tests/defaultexplorerserver/testutils.go:40.2,41.16 2 0
github.com/bang9211/ossicones/tests/defaultexplorerserver/testutils.go:44.2,44.20 1 0
github.com/bang9211/ossicones/tests/defaultexplorerserver/testutils.go:37.16,39.3 1 0
github.com/bang9211/ossicones/tests/defaultexplorerserver/testutils.go:41.16,43.3 1 0
github.com/bang9211/ossicones/tests/ossiconesblockchain/testUtils.go:17.82,23.16 4 0
github.com/bang9211/ossicones/tests/ossiconesblockchain/testUtils.go:27.2,28.15 2 0
github.com/bang9211/ossicones/tests/ossiconesblockchain/testUtils.go:32.2,32.25 1 0
github.com/bang9211/ossicones/tests/ossiconesblockchain/testUtils.go:23.16,25.3 1 0
github.com/bang9211/ossicones/tests/ossiconesblockchain/testUtils.go:28.15,30.3 1 0
github.com/bang9211/ossicones/tests/ossiconesblockchain/testUtils.go:35.89,37.16 2 0
github.com/bang9211/ossicones/tests/ossiconesblockchain/testUtils.go:40.2,41.16 2 0
github.com/bang9211/ossicones/tests/ossiconesblockchain/testUtils.go:44.2,44.20 1 0
github.com/bang9211/ossicones/tests/ossiconesblockchain/testUtils.go:37.16,39.3 1 0
github.com/bang9211/ossicones/tests/ossiconesblockchain/testUtils.go:41.16,43.3 1 0
github.com/bang9211/ossicones/tests/bolt/testUtils.go:17.82,23.16 4 0
github.com/bang9211/ossicones/tests/bolt/testUtils.go:27.2,28.15 2 0
github.com/bang9211/ossicones/tests/bolt/testUtils.go:32.2,32.25 1 0
github.com/bang9211/ossicones/tests/bolt/testUtils.go:23.16,25.3 1 0
github.com/bang9211/ossicones/tests/bolt/testUtils.go:28.15,30.3 1 0
github.com/bang9211/ossicones/tests/bolt/testUtils.go:35.89,37.16 2 0
github.com/bang9211/ossicones/tests/bolt/testUtils.go:40.2,41.16 2 0
github.com/bang9211/ossicones/tests/bolt/testUtils.go:44.2,44.20 1 0
github.com/bang9211/ossicones/tests/bolt/testUtils.go:37.16,39.3 1 0
github.com/bang9211/ossicones/tests/bolt/testUtils.go:41.16,43.3 1 0
